This is pdfTeX, Version 3.14159265-2.6-1.40.16 (TeX Live 2015) (preloaded format=pdflatex 2015.5.24)  21 MAY 2017 17:20
entering extended mode
 restricted \write18 enabled.
 file:line:error style messages enabled.
 %&-line parsing enabled.
**deedy-resume.cls
(./deedy-resume.cls
LaTeX2e <2015/01/01>
Babel <3.9l> and hyphenation patterns for 79 languages loaded.

LaTeX Warning: You have requested package `',
               but the package provides `deedy-resume'.

Package: deedy-resume 2014/04/30 CV class
(/usr/local/texlive/2015/texmf-dist/tex/latex/base/article.cls
Document Class: article 2014/09/29 v1.4h Standard LaTeX document class
(/usr/local/texlive/2015/texmf-dist/tex/latex/base/size10.clo
File: size10.clo 2014/09/29 v1.4h Standard LaTeX file (size option)
)
\c@part=\count79
\c@section=\count80
\c@subsection=\count81
\c@subsubsection=\count82
\c@paragraph=\count83
\c@subparagraph=\count84
\c@figure=\count85
\c@table=\count86
\abovecaptionskip=\skip41
\belowcaptionskip=\skip42
\bibindent=\dimen102
)

./deedy-resume.cls:11: LaTeX Error: \usepackage before \documentclass.

See the LaTeX manual or LaTeX Companion for explanation.
Type  H <return>  for immediate help.
 ...                                              
                                                  
l.11 \usepackage[hmargin=1.25cm, vmargin=0.75cm]{
                                                 geometry} % Specifies horiz...

? 

./deedy-resume.cls:12: LaTeX Error: \usepackage before \documentclass.

See the LaTeX manual or LaTeX Companion for explanation.
Type  H <return>  for immediate help.
 ...                                              
                                                  
l.12 \usepackage{
                 hyperref} % Required for links
? 

./deedy-resume.cls:18: LaTeX Error: \usepackage before \documentclass.

See the LaTeX manual or LaTeX Companion for explanation.
Type  H <return>  for immediate help.
 ...                                              
                                                  
l.18 \usepackage[usenames,dvipsnames]{
                                      xcolor} % Required for custom colors
? 
./deedy-resume.cls:20: Undefined control sequence.
l.20 \definecolor
                 {primary}{HTML}{2b2b2b} % The primary document color for co...

? 

./deedy-resume.cls:20: LaTeX Error: Missing \begin{document}.

See the LaTeX manual or LaTeX Companion for explanation.
Type  H <return>  for immediate help.
 ...                                              
                                                  
l.20 \definecolor{p
                   rimary}{HTML}{2b2b2b} % The primary document color for co...

? 
./deedy-resume.cls:21: Undefined control sequence.
l.21 \definecolor
                 {headings}{HTML}{6A6A6A} % The color of the large sections
? 
./deedy-resume.cls:22: Undefined control sequence.
l.22 \definecolor
                 {subheadings}{HTML}{333333} % The color of subsections and ...

? 
./deedy-resume.cls:23: Undefined control sequence.
l.23 \definecolor
                 {date}{HTML}{666666} % The color used for the Last Updated ...

? 

Overfull \hbox (13.9719pt too wide) in paragraph at lines 20--24
[]\OT1/cmr/m/n/10 primaryHTML2b2b2b head-ing-sHTML6A6A6A sub-head-ing-sHTML3333
33 date-
 []


./deedy-resume.cls:29: LaTeX Error: \usepackage before \documentclass.

See the LaTeX manual or LaTeX Companion for explanation.
Type  H <return>  for immediate help.
 ...                                              
                                                  
l.29 \usepackage{
                 fontspec} % Required for specifying custom fonts in XeLaTeX
? 
./deedy-resume.cls:31: Undefined control sequence.
l.31 \setmainfont
                 [Color=primary, Path = fonts/lato/,BoldItalicFont=Lato-RegI...

? 

./deedy-resume.cls:31: LaTeX Error: Missing \begin{document}.

See the LaTeX manual or LaTeX Companion for explanation.
Type  H <return>  for immediate help.
 ...                                              
                                                  
l.31 \setmainfont[
                  Color=primary, Path = fonts/lato/,BoldItalicFont=Lato-RegI...

? 

Overfull \hbox (25.0842pt too wide) in paragraph at lines 31--32
[]\OT1/cmr/m/n/10 [Color=primary, Path = fonts/lato/,BoldItalicFont=Lato-RegIta
,BoldFont=Lato-
 []

./deedy-resume.cls:33: Undefined control sequence.
l.33 \setsansfont
                 [Scale=MatchLowercase,Mapping=tex-text, Path = fonts/ralewa...

? 

./deedy-resume.cls:33: LaTeX Error: Missing \begin{document}.

See the LaTeX manual or LaTeX Companion for explanation.
Type  H <return>  for immediate help.
 ...                                              
                                                  
l.33 \setsansfont[
                  Scale=MatchLowercase,Mapping=tex-text, Path = fonts/ralewa...

? 

Overfull \hbox (3.58397pt too wide) in paragraph at lines 33--34
[]\OT1/cmr/m/n/10 [Scale=MatchLowercase,Mapping=tex-text, Path = fonts/raleway/
]Raleway-
 []


./deedy-resume.cls:39: LaTeX Error: \usepackage before \documentclass.

See the LaTeX manual or LaTeX Companion for explanation.
Type  H <return>  for immediate help.
 ...                                              
                                                  
l.39 \usepackage[absolute]{
                           textpos} % Required for positioning the Last Upda...

? 

./deedy-resume.cls:40: LaTeX Error: \usepackage before \documentclass.

See the LaTeX manual or LaTeX Companion for explanation.
Type  H <return>  for immediate help.
 ...                                              
                                                  
l.40 \usepackage[UKenglish]{
                            isodate} % Prints the Last Updated date in UK En...

? 
./deedy-resume.cls:42: Undefined control sequence.
<argument> \TPHorizModule 
                          
l.42 \setlength{\TPHorizModule}{0.01\paperwidth}
                                                 % Sets the units for the ho...

? 

./deedy-resume.cls:42: LaTeX Error: Missing \begin{document}.

See the LaTeX manual or LaTeX Companion for explanation.
Type  H <return>  for immediate help.
 ...                                              
                                                  
l.42 \setlength{\TPHorizModule}{0.01\paperwidth}
                                                 % Sets the units for the ho...

? 
./deedy-resume.cls:42: Missing number, treated as zero.
<to be read again> 
                   \relax 
l.42 \setlength{\TPHorizModule}{0.01\paperwidth}
                                                 % Sets the units for the ho...

? 
./deedy-resume.cls:42: Illegal unit of measure (pt inserted).
<to be read again> 
                   \relax 
l.42 \setlength{\TPHorizModule}{0.01\paperwidth}
                                                 % Sets the units for the ho...

? 
./deedy-resume.cls:43: Undefined control sequence.
<argument> \TPVertModule 
                         
l.43 \setlength{\TPVertModule}{0.01\paperwidth}
                                                % Sets the units for the ver...

? 
./deedy-resume.cls:43: Missing number, treated as zero.
<to be read again> 
                   \relax 
l.43 \setlength{\TPVertModule}{0.01\paperwidth}
                                                % Sets the units for the ver...

? 
./deedy-resume.cls:43: Illegal unit of measure (pt inserted).
<to be read again> 
                   \relax 
l.43 \setlength{\TPVertModule}{0.01\paperwidth}
                                                % Sets the units for the ver...

? 

./deedy-resume.cls:71: LaTeX Error: \usepackage before \documentclass.

See the LaTeX manual or LaTeX Companion for explanation.
Type  H <return>  for immediate help.
 ...                                              
                                                  
l.71 \usepackage{
                 titlesec} % Required for customizing section/subsection/etc...

? 
./deedy-resume.cls:73: Undefined control sequence.
l.73 \titlespacing
                  {\section}{0pt}{0pt}{0pt} % Removes the spacing around the...

? 

./deedy-resume.cls:73: LaTeX Error: Missing \begin{document}.

See 